[2025-11-08 01:41:54,041] 10 train_test - INFO - \u2705 Loaded model/vectorizer using joblib from models/mental_health/best_tfidf_logreg.pkl
[2025-11-08 01:41:54,413] 10 train_test - INFO - \u2705 Loaded model/vectorizer using joblib from models/mental_health/best_tfidf_vectorizer.pkl
[2025-11-08 01:41:54,725] 10 train_test - INFO - \u2705 Loaded model/vectorizer using joblib from models/sentiment_model/model.pkl
[2025-11-08 01:41:54,762] 10 train_test - INFO - \u2705 Loaded model/vectorizer using joblib from models/sentiment_model/vectorizer.pkl
[2025-11-08 01:42:02,758] 68 RedditDataLogger - INFO - \U0001f7e2 Received prediction request for Reddit user: Annual-Nobody-2762
[2025-11-08 01:42:02,759] 30 RedditDataLogger - INFO - \U0001f7e2 Extracting Reddit data for user: Annual-Nobody-2762
[2025-11-08 01:42:02,761] 19 RedditDataLogger - INFO - \u2705 Reddit client initialized successfully.
[2025-11-08 01:42:02,762] 457 praw - WARNING - It appears that you are using PRAW in an asynchronous environment.
It is strongly recommended to use Async PRAW: https://asyncpraw.readthedocs.io.
See https://praw.readthedocs.io/en/latest/getting_started/multiple_instances.html#discord-bots-and-asynchronous-environments for more info.

[2025-11-08 01:42:03,526] 457 praw - WARNING - It appears that you are using PRAW in an asynchronous environment.
It is strongly recommended to use Async PRAW: https://asyncpraw.readthedocs.io.
See https://praw.readthedocs.io/en/latest/getting_started/multiple_instances.html#discord-bots-and-asynchronous-environments for more info.

[2025-11-08 01:42:03,916] 457 praw - WARNING - It appears that you are using PRAW in an asynchronous environment.
It is strongly recommended to use Async PRAW: https://asyncpraw.readthedocs.io.
See https://praw.readthedocs.io/en/latest/getting_started/multiple_instances.html#discord-bots-and-asynchronous-environments for more info.

[2025-11-08 01:42:04,527] 457 praw - WARNING - It appears that you are using PRAW in an asynchronous environment.
It is strongly recommended to use Async PRAW: https://asyncpraw.readthedocs.io.
See https://praw.readthedocs.io/en/latest/getting_started/multiple_instances.html#discord-bots-and-asynchronous-environments for more info.

[2025-11-08 01:42:07,958] 62 RedditDataLogger - INFO - \u2705 Extracted 4 texts for Annual-Nobody-2762
[2025-11-08 01:42:08,029] 44 train_test - INFO - \u2705 Predicted 1 samples successfully.
[2025-11-08 01:43:41,782] 68 RedditDataLogger - INFO - \U0001f7e2 Received prediction request for Reddit user: Annual-Nobody-2762
[2025-11-08 01:43:41,782] 30 RedditDataLogger - INFO - \U0001f7e2 Extracting Reddit data for user: Annual-Nobody-2762
[2025-11-08 01:43:41,784] 19 RedditDataLogger - INFO - \u2705 Reddit client initialized successfully.
[2025-11-08 01:43:41,785] 457 praw - WARNING - It appears that you are using PRAW in an asynchronous environment.
It is strongly recommended to use Async PRAW: https://asyncpraw.readthedocs.io.
See https://praw.readthedocs.io/en/latest/getting_started/multiple_instances.html#discord-bots-and-asynchronous-environments for more info.

[2025-11-08 01:43:42,562] 457 praw - WARNING - It appears that you are using PRAW in an asynchronous environment.
It is strongly recommended to use Async PRAW: https://asyncpraw.readthedocs.io.
See https://praw.readthedocs.io/en/latest/getting_started/multiple_instances.html#discord-bots-and-asynchronous-environments for more info.

[2025-11-08 01:43:42,976] 457 praw - WARNING - It appears that you are using PRAW in an asynchronous environment.
It is strongly recommended to use Async PRAW: https://asyncpraw.readthedocs.io.
See https://praw.readthedocs.io/en/latest/getting_started/multiple_instances.html#discord-bots-and-asynchronous-environments for more info.

[2025-11-08 01:43:43,590] 457 praw - WARNING - It appears that you are using PRAW in an asynchronous environment.
It is strongly recommended to use Async PRAW: https://asyncpraw.readthedocs.io.
See https://praw.readthedocs.io/en/latest/getting_started/multiple_instances.html#discord-bots-and-asynchronous-environments for more info.

[2025-11-08 01:43:47,557] 62 RedditDataLogger - INFO - \u2705 Extracted 4 texts for Annual-Nobody-2762
[2025-11-08 01:43:47,616] 44 train_test - INFO - \u2705 Predicted 1 samples successfully.
[2025-11-08 01:48:51,119] 68 RedditDataLogger - INFO - \U0001f7e2 Received prediction request for Reddit user: Annual-Nobody-2762
[2025-11-08 01:48:51,119] 30 RedditDataLogger - INFO - \U0001f7e2 Extracting Reddit data for user: Annual-Nobody-2762
[2025-11-08 01:48:51,120] 19 RedditDataLogger - INFO - \u2705 Reddit client initialized successfully.
[2025-11-08 01:48:51,121] 457 praw - WARNING - It appears that you are using PRAW in an asynchronous environment.
It is strongly recommended to use Async PRAW: https://asyncpraw.readthedocs.io.
See https://praw.readthedocs.io/en/latest/getting_started/multiple_instances.html#discord-bots-and-asynchronous-environments for more info.

[2025-11-08 01:48:51,927] 457 praw - WARNING - It appears that you are using PRAW in an asynchronous environment.
It is strongly recommended to use Async PRAW: https://asyncpraw.readthedocs.io.
See https://praw.readthedocs.io/en/latest/getting_started/multiple_instances.html#discord-bots-and-asynchronous-environments for more info.

[2025-11-08 01:48:52,321] 457 praw - WARNING - It appears that you are using PRAW in an asynchronous environment.
It is strongly recommended to use Async PRAW: https://asyncpraw.readthedocs.io.
See https://praw.readthedocs.io/en/latest/getting_started/multiple_instances.html#discord-bots-and-asynchronous-environments for more info.

[2025-11-08 01:48:53,164] 457 praw - WARNING - It appears that you are using PRAW in an asynchronous environment.
It is strongly recommended to use Async PRAW: https://asyncpraw.readthedocs.io.
See https://praw.readthedocs.io/en/latest/getting_started/multiple_instances.html#discord-bots-and-asynchronous-environments for more info.

[2025-11-08 01:48:56,903] 62 RedditDataLogger - INFO - \u2705 Extracted 4 texts for Annual-Nobody-2762
[2025-11-08 01:48:56,969] 44 train_test - INFO - \u2705 Predicted 1 samples successfully.
