[2025-11-07 12:09:35,556] 13 train_test - INFO - \u2705 Loaded model/vectorizer using joblib from models/mental_health/best_tfidf_logreg.pkl
[2025-11-07 12:09:36,342] 13 train_test - INFO - \u2705 Loaded model/vectorizer using joblib from models/mental_health/best_tfidf_vectorizer.pkl
[2025-11-07 12:09:38,159] 13 train_test - INFO - \u2705 Loaded model/vectorizer using joblib from models/sentiment_model/model.pkl
[2025-11-07 12:09:38,204] 13 train_test - INFO - \u2705 Loaded model/vectorizer using joblib from models/sentiment_model/vectorizer.pkl
[2025-11-07 12:10:02,598] 30 RedditDataLogger - INFO - \U0001f7e2 Received prediction request for Reddit user: Annual-Nobody-2762
[2025-11-07 12:10:02,598] 30 RedditDataLogger - INFO - \U0001f7e2 Extracting Reddit data for user: Annual-Nobody-2762
[2025-11-07 12:10:02,914] 19 RedditDataLogger - INFO - \u2705 Reddit client initialized successfully.
[2025-11-07 12:10:02,914] 457 praw - WARNING - It appears that you are using PRAW in an asynchronous environment.
It is strongly recommended to use Async PRAW: https://asyncpraw.readthedocs.io.
See https://praw.readthedocs.io/en/latest/getting_started/multiple_instances.html#discord-bots-and-asynchronous-environments for more info.

[2025-11-07 12:10:03,845] 457 praw - WARNING - It appears that you are using PRAW in an asynchronous environment.
It is strongly recommended to use Async PRAW: https://asyncpraw.readthedocs.io.
See https://praw.readthedocs.io/en/latest/getting_started/multiple_instances.html#discord-bots-and-asynchronous-environments for more info.

[2025-11-07 12:10:04,286] 457 praw - WARNING - It appears that you are using PRAW in an asynchronous environment.
It is strongly recommended to use Async PRAW: https://asyncpraw.readthedocs.io.
See https://praw.readthedocs.io/en/latest/getting_started/multiple_instances.html#discord-bots-and-asynchronous-environments for more info.

[2025-11-07 12:10:06,993] 457 praw - WARNING - It appears that you are using PRAW in an asynchronous environment.
It is strongly recommended to use Async PRAW: https://asyncpraw.readthedocs.io.
See https://praw.readthedocs.io/en/latest/getting_started/multiple_instances.html#discord-bots-and-asynchronous-environments for more info.

[2025-11-07 12:10:08,136] 457 praw - WARNING - It appears that you are using PRAW in an asynchronous environment.
It is strongly recommended to use Async PRAW: https://asyncpraw.readthedocs.io.
See https://praw.readthedocs.io/en/latest/getting_started/multiple_instances.html#discord-bots-and-asynchronous-environments for more info.

[2025-11-07 12:10:11,952] 62 RedditDataLogger - INFO - \u2705 Extracted 5 texts for Annual-Nobody-2762
[2025-11-07 12:10:12,038] 46 train_test - ERROR - \U0001f6a8 Prediction error: 'csr_matrix' object has no attribute 'lower'
